<?xml version="1.0" encoding="UTF-8"?>
<testsuite name="com.TTN.JPAFirst.JpaFirstApplicationTests" tests="1" skipped="0" failures="0" errors="0" timestamp="2020-03-12T15:55:03" hostname="manish" time="0.209">
  <properties/>
  <testcase name="testFindAllPaging()" classname="com.TTN.JPAFirst.JpaFirstApplicationTests" time="0.209"/>
  <system-out><![CDATA[21:25:00.501 [Test worker] DEBUG org.springframework.test.context.BootstrapUtils - Instantiating CacheAwareContextLoaderDelegate from class [org.springframework.test.context.cache.DefaultCacheAwareContextLoaderDelegate]
21:25:00.511 [Test worker] DEBUG org.springframework.test.context.BootstrapUtils - Instantiating BootstrapContext using constructor [public org.springframework.test.context.support.DefaultBootstrapContext(java.lang.Class,org.springframework.test.context.CacheAwareContextLoaderDelegate)]
21:25:00.532 [Test worker] DEBUG org.springframework.test.context.BootstrapUtils - Instantiating TestContextBootstrapper for test class [com.TTN.JPAFirst.JpaFirstApplicationTests] from class [org.springframework.boot.test.context.SpringBootTestContextBootstrapper]
21:25:00.543 [Test worker] INFO org.springframework.boot.test.context.SpringBootTestContextBootstrapper - Neither @ContextConfiguration nor @ContextHierarchy found for test class [com.TTN.JPAFirst.JpaFirstApplicationTests], using SpringBootContextLoader
21:25:00.546 [Test worker] DEBUG org.springframework.test.context.support.AbstractContextLoader - Did not detect default resource location for test class [com.TTN.JPAFirst.JpaFirstApplicationTests]: class path resource [com/TTN/JPAFirst/JpaFirstApplicationTests-context.xml] does not exist
21:25:00.546 [Test worker] DEBUG org.springframework.test.context.support.AbstractContextLoader - Did not detect default resource location for test class [com.TTN.JPAFirst.JpaFirstApplicationTests]: class path resource [com/TTN/JPAFirst/JpaFirstApplicationTestsContext.groovy] does not exist
21:25:00.546 [Test worker] INFO org.springframework.test.context.support.AbstractContextLoader - Could not detect default resource locations for test class [com.TTN.JPAFirst.JpaFirstApplicationTests]: no resource found for suffixes {-context.xml, Context.groovy}.
21:25:00.547 [Test worker] INFO org.springframework.test.context.support.AnnotationConfigContextLoaderUtils - Could not detect default configuration classes for test class [com.TTN.JPAFirst.JpaFirstApplicationTests]: JpaFirstApplicationTests does not declare any static, non-private, non-final, nested classes annotated with @Configuration.
21:25:00.569 [Test worker] DEBUG org.springframework.test.context.support.ActiveProfilesUtils - Could not find an 'annotation declaring class' for annotation type [org.springframework.test.context.ActiveProfiles] and class [com.TTN.JPAFirst.JpaFirstApplicationTests]
21:25:00.617 [Test worker] DEBUG org.springframework.context.annotation.ClassPathScanningCandidateComponentProvider - Identified candidate component class: file [/home/manish/Downloads/JPA-First/build/classes/java/main/com/TTN/JPAFirst/JpaFirstApplication.class]
21:25:00.617 [Test worker] INFO org.springframework.boot.test.context.SpringBootTestContextBootstrapper - Found @SpringBootConfiguration com.TTN.JPAFirst.JpaFirstApplication for test class com.TTN.JPAFirst.JpaFirstApplicationTests
21:25:00.673 [Test worker] DEBUG org.springframework.boot.test.context.SpringBootTestContextBootstrapper - @TestExecutionListeners is not present for class [com.TTN.JPAFirst.JpaFirstApplicationTests]: using defaults.
21:25:00.673 [Test worker] INFO org.springframework.boot.test.context.SpringBootTestContextBootstrapper - Loaded default TestExecutionListener class names from location [META-INF/spring.factories]: [org.springframework.boot.test.autoconfigure.restdocs.RestDocsTestExecutionListener, org.springframework.boot.test.autoconfigure.web.client.MockRestServiceServerResetTestExecutionListener, org.springframework.boot.test.autoconfigure.web.servlet.MockMvcPrintOnlyOnFailureTestExecutionListener, org.springframework.boot.test.autoconfigure.web.servlet.WebDriverTestExecutionListener, org.springframework.boot.test.mock.mockito.MockitoTestExecutionListener, org.springframework.boot.test.mock.mockito.ResetMocksTestExecutionListener, org.springframework.test.context.web.ServletTestExecutionListener, org.springframework.test.context.support.DirtiesContextBeforeModesTestExecutionListener, org.springframework.test.context.support.DependencyInjectionTestExecutionListener, org.springframework.test.context.support.DirtiesContextTestExecutionListener, org.springframework.test.context.transaction.TransactionalTestExecutionListener, org.springframework.test.context.jdbc.SqlScriptsTestExecutionListener, org.springframework.test.context.event.EventPublishingTestExecutionListener]
21:25:00.678 [Test worker] DEBUG org.springframework.boot.test.context.SpringBootTestContextBootstrapper - Skipping candidate TestExecutionListener [org.springframework.test.context.web.ServletTestExecutionListener] due to a missing dependency. Specify custom listener classes or make the default listener classes and their required dependencies available. Offending class: [javax/servlet/ServletContext]
21:25:00.683 [Test worker] INFO org.springframework.boot.test.context.SpringBootTestContextBootstrapper - Using TestExecutionListeners: [org.springframework.test.context.support.DirtiesContextBeforeModesTestExecutionListener@42c901f8, org.springframework.boot.test.mock.mockito.MockitoTestExecutionListener@63855f9a, org.springframework.boot.test.autoconfigure.SpringBootDependencyInjectionTestExecutionListener@6aa4e73b, org.springframework.test.context.support.DirtiesContextTestExecutionListener@5052fb09, org.springframework.test.context.transaction.TransactionalTestExecutionListener@5a1ef63a, org.springframework.test.context.jdbc.SqlScriptsTestExecutionListener@132e1b6c, org.springframework.test.context.event.EventPublishingTestExecutionListener@5e7eab0d, org.springframework.boot.test.autoconfigure.restdocs.RestDocsTestExecutionListener@19339978, org.springframework.boot.test.autoconfigure.web.client.MockRestServiceServerResetTestExecutionListener@34b10342, org.springframework.boot.test.autoconfigure.web.servlet.MockMvcPrintOnlyOnFailureTestExecutionListener@57a79bc3, org.springframework.boot.test.autoconfigure.web.servlet.WebDriverTestExecutionListener@7c2a74f9, org.springframework.boot.test.mock.mockito.ResetMocksTestExecutionListener@79d7ca5d]
21:25:00.686 [Test worker] DEBUG org.springframework.test.context.support.AbstractDirtiesContextTestExecutionListener - Before test class: context [DefaultTestContext@1dd2552e testClass = JpaFirstApplicationTests, testInstance = [null], testMethod = [null], testException = [null], mergedContextConfiguration = [MergedContextConfiguration@7705898f testClass = JpaFirstApplicationTests, locations = '{}', classes = '{class com.TTN.JPAFirst.JpaFirstApplication}', contextInitializerClasses = '[]', activeProfiles = '{}', propertySourceLocations = '{}', propertySourceProperties = '{org.springframework.boot.test.context.SpringBootTestContextBootstrapper=true}', contextCustomizers = set[org.springframework.boot.test.autoconfigure.properties.PropertyMappingContextCustomizer@0, org.springframework.boot.test.autoconfigure.web.servlet.WebDriverContextCustomizerFactory$Customizer@402407e0, org.springframework.boot.test.context.filter.ExcludeFilterContextCustomizer@2bce235, org.springframework.boot.test.json.DuplicateJsonObjectContextCustomizerFactory$DuplicateJsonObjectContextCustomizer@f4fc425, org.springframework.boot.test.mock.mockito.MockitoContextCustomizer@0, org.springframework.boot.test.web.client.TestRestTemplateContextCustomizer@3f290635], contextLoader = 'org.springframework.boot.test.context.SpringBootContextLoader', parent = [null]], attributes = map[[empty]]], class annotated with @DirtiesContext [false] with mode [null].
21:25:00.697 [Test worker] DEBUG org.springframework.test.context.support.DependencyInjectionTestExecutionListener - Performing dependency injection for test context [[DefaultTestContext@1dd2552e testClass = JpaFirstApplicationTests, testInstance = com.TTN.JPAFirst.JpaFirstApplicationTests@1f3a6f24, testMethod = [null], testException = [null], mergedContextConfiguration = [MergedContextConfiguration@7705898f testClass = JpaFirstApplicationTests, locations = '{}', classes = '{class com.TTN.JPAFirst.JpaFirstApplication}', contextInitializerClasses = '[]', activeProfiles = '{}', propertySourceLocations = '{}', propertySourceProperties = '{org.springframework.boot.test.context.SpringBootTestContextBootstrapper=true}', contextCustomizers = set[org.springframework.boot.test.autoconfigure.properties.PropertyMappingContextCustomizer@0, org.springframework.boot.test.autoconfigure.web.servlet.WebDriverContextCustomizerFactory$Customizer@402407e0, org.springframework.boot.test.context.filter.ExcludeFilterContextCustomizer@2bce235, org.springframework.boot.test.json.DuplicateJsonObjectContextCustomizerFactory$DuplicateJsonObjectContextCustomizer@f4fc425, org.springframework.boot.test.mock.mockito.MockitoContextCustomizer@0, org.springframework.boot.test.web.client.TestRestTemplateContextCustomizer@3f290635], contextLoader = 'org.springframework.boot.test.context.SpringBootContextLoader', parent = [null]], attributes = map[[empty]]]].
21:25:00.714 [Test worker] DEBUG org.springframework.test.context.support.TestPropertySourceUtils - Adding inlined properties to environment: {spring.jmx.enabled=false, org.springframework.boot.test.context.SpringBootTestContextBootstrapper=true, server.port=-1}

  .   ____          _            __ _ _
 /\\ / ___'_ __ _ _(_)_ __  __ _ \ \ \ \
( ( )\___ | '_ | '_| | '_ \/ _` | \ \ \ \
 \\/  ___)| |_)| | | | | || (_| |  ) ) ) )
  '  |____| .__|_| |_|_| |_\__, | / / / /
 =========|_|==============|___/=/_/_/_/
 :: Spring Boot ::        (v2.2.5.RELEASE)

2020-03-12 21:25:00.916  INFO 1934 --- [    Test worker] c.TTN.JPAFirst.JpaFirstApplicationTests  : Starting JpaFirstApplicationTests on manish with PID 1934 (started by manish in /home/manish/Downloads/JPA-First)
2020-03-12 21:25:00.917  INFO 1934 --- [    Test worker] c.TTN.JPAFirst.JpaFirstApplicationTests  : No active profile set, falling back to default profiles: default
2020-03-12 21:25:01.264  INFO 1934 --- [    Test worker] .s.d.r.c.RepositoryConfigurationDelegate : Bootstrapping Spring Data JPA repositories in DEFAULT mode.
2020-03-12 21:25:01.319  INFO 1934 --- [    Test worker] .s.d.r.c.RepositoryConfigurationDelegate : Finished Spring Data repository scanning in 47ms. Found 1 JPA repository interfaces.
2020-03-12 21:25:01.657  INFO 1934 --- [    Test worker] com.zaxxer.hikari.HikariDataSource       : HikariPool-1 - Starting...
2020-03-12 21:25:01.980  INFO 1934 --- [    Test worker] com.zaxxer.hikari.HikariDataSource       : HikariPool-1 - Start completed.
2020-03-12 21:25:02.026  INFO 1934 --- [    Test worker] o.hibernate.jpa.internal.util.LogHelper  : HHH000204: Processing PersistenceUnitInfo [name: default]
2020-03-12 21:25:02.070  INFO 1934 --- [    Test worker] org.hibernate.Version                    : HHH000412: Hibernate ORM core version 5.4.12.Final
2020-03-12 21:25:02.203  INFO 1934 --- [    Test worker] o.hibernate.annotations.common.Version   : HCANN000001: Hibernate Commons Annotations {5.1.0.Final}
2020-03-12 21:25:02.328  INFO 1934 --- [    Test worker] org.hibernate.dialect.Dialect            : HHH000400: Using dialect: org.hibernate.dialect.MySQL57Dialect
2020-03-12 21:25:02.693  INFO 1934 --- [    Test worker] o.h.e.t.j.p.i.JtaPlatformInitiator       : HHH000490: Using JtaPlatform implementation: [org.hibernate.engine.transaction.jta.platform.internal.NoJtaPlatform]
2020-03-12 21:25:02.698  INFO 1934 --- [    Test worker] j.LocalContainerEntityManagerFactoryBean : Initialized JPA EntityManagerFactory for persistence unit 'default'
2020-03-12 21:25:03.037  INFO 1934 --- [    Test worker] c.TTN.JPAFirst.JpaFirstApplicationTests  : Started JpaFirstApplicationTests in 2.321 seconds (JVM running for 3.069)
Hibernate: select employee0_.id as id1_0_, employee0_.age as age2_0_, employee0_.location as location3_0_, employee0_.name as name4_0_ from mydb employee0_ order by employee0_.age desc limit ?
Hibernate: select count(employee0_.id) as col_0_0_ from mydb employee0_
30
30
]]></system-out>
  <system-err><![CDATA[]]></system-err>
</testsuite>
